<html>
<head>
<title>TestNG:  Surefire test</title>
<link href="../testng.css" rel="stylesheet" type="text/css" />
<link href="../my-testng.css" rel="stylesheet" type="text/css" />

<style type="text/css">
.log { display: none;} 
.stack-trace { display: none;} 
</style>
<script type="text/javascript">
<!--
function flip(e) {
  current = e.style.display;
  if (current == 'block') {
    e.style.display = 'none';
    return 0;
  }
  else {
    e.style.display = 'block';
    return 1;
  }
}

function toggleBox(szDivId, elem, msg1, msg2)
{
  var res = -1;  if (document.getElementById) {
    res = flip(document.getElementById(szDivId));
  }
  else if (document.all) {
    // this is the way old msie versions work
    res = flip(document.all[szDivId]);
  }
  if(elem) {
    if(res == 0) elem.innerHTML = msg1; else elem.innerHTML = msg2;
  }

}

function toggleAllBoxes() {
  if (document.getElementsByTagName) {
    d = document.getElementsByTagName('div');
    for (i = 0; i < d.length; i++) {
      if (d[i].className == 'log') {
        flip(d[i]);
      }
    }
  }
}

// -->
</script>

</head>
<body>
<h2 align='center'>Surefire test</h2><table border='1' align="center">
<tr>
<td>Tests passed/Failed/Skipped:</td><td>4/2/0</td>
</tr><tr>
<td>Started on:</td><td>Sun Apr 19 13:54:31 BST 2020</td>
</tr>
<tr><td>Total time:</td><td>157 seconds (157520 ms)</td>
</tr><tr>
<td>Included groups:</td><td></td>
</tr><tr>
<td>Excluded groups:</td><td></td>
</tr>
</table><p/>
<small><i>(Hover the method name to see the test class name)</i></small><p/>
<table width='100%' border='1' class='invocation-failed'>
<tr><td colspan='4' align='center'><b>FAILED TESTS</b></td></tr>
<tr><td><b>Test method</b></td>
<td width="30%"><b>Exception</b></td>
<td width="10%"><b>Time (seconds)</b></td>
<td><b>Instance</b></td>
</tr>
<tr>
<td title='com.learn.letskodeit.testsuite.LoginTest.verifyThatLoginPageWelcomeTextisDisplayed()'><b>verifyThatLoginPageWelcomeTextisDisplayed</b><br>Test class: com.learn.letskodeit.testsuite.LoginTest<br/>
<a href="#Output-575715826" onClick='toggleBox("Output-575715826", this, "Show output", "Hide output");'>Show output</a>

<a href="#Output-575715826" onClick="toggleAllBoxes();">Show all outputs</a>
<div class='log' id="Output-575715826">
Clicking on Login link : [[ChromeDriver: chrome on WINDOWS (1a7b46b9dbd0770ad78b03e8bf26849c)] -> partial link text: Login]<br><br/>
Verifying the LogIn Text : [[ChromeDriver: chrome on WINDOWS (1a7b46b9dbd0770ad78b03e8bf26849c)] -> class name: text-center]<br><br/>
</div>
</td>
<td><div><pre>java.lang.ClassCastException: com.sun.proxy.$Proxy7 cannot be cast to org.openqa.selenium.By
	at com.learn.letskodeit.pages.LoginPage.LoginPageTextIsDisplayed(LoginPage.java:43)
	at com.learn.letskodeit.testsuite.LoginTest.verifyThatLoginPageWelcomeTextisDisplayed(LoginTest.java:28)
	at java.util.ArrayList.forEach(ArrayList.java:1249)
... Removed 32 stack frames</pre></div><a href='#' onClick='toggleBox("stack-trace575715826", this, "Click to show all stack frames", "Click to hide stack frames")'>Click to show all stack frames</a>
<div class='stack-trace' id='stack-trace575715826'><pre>java.lang.ClassCastException: com.sun.proxy.$Proxy7 cannot be cast to org.openqa.selenium.By
	at com.learn.letskodeit.pages.LoginPage.LoginPageTextIsDisplayed(LoginPage.java:43)
	at com.learn.letskodeit.testsuite.LoginTest.verifyThatLoginPageWelcomeTextisDisplayed(LoginTest.java:28)
	at sun.reflect.NativeMethodAccessorImpl.invoke0(Native Method)
	at sun.reflect.NativeMethodAccessorImpl.invoke(NativeMethodAccessorImpl.java:62)
	at sun.reflect.DelegatingMethodAccessorImpl.invoke(DelegatingMethodAccessorImpl.java:43)
	at java.lang.reflect.Method.invoke(Method.java:498)
	at org.testng.internal.MethodInvocationHelper.invokeMethod(MethodInvocationHelper.java:134)
	at org.testng.internal.TestInvoker.invokeMethod(TestInvoker.java:597)
	at org.testng.internal.TestInvoker.invokeTestMethod(TestInvoker.java:173)
	at org.testng.internal.MethodRunner.runInSequence(MethodRunner.java:46)
	at org.testng.internal.TestInvoker$MethodInvocationAgent.invoke(TestInvoker.java:816)
	at org.testng.internal.TestInvoker.invokeTestMethods(TestInvoker.java:146)
	at org.testng.internal.TestMethodWorker.invokeTestMethods(TestMethodWorker.java:146)
	at org.testng.internal.TestMethodWorker.run(TestMethodWorker.java:128)
	at java.util.ArrayList.forEach(ArrayList.java:1249)
	at org.testng.TestRunner.privateRun(TestRunner.java:766)
	at org.testng.TestRunner.run(TestRunner.java:587)
	at org.testng.SuiteRunner.runTest(SuiteRunner.java:384)
	at org.testng.SuiteRunner.runSequentially(SuiteRunner.java:378)
	at org.testng.SuiteRunner.privateRun(SuiteRunner.java:337)
	at org.testng.SuiteRunner.run(SuiteRunner.java:286)
	at org.testng.SuiteRunnerWorker.runSuite(SuiteRunnerWorker.java:53)
	at org.testng.SuiteRunnerWorker.run(SuiteRunnerWorker.java:96)
	at org.testng.TestNG.runSuitesSequentially(TestNG.java:1187)
	at org.testng.TestNG.runSuitesLocally(TestNG.java:1109)
	at org.testng.TestNG.runSuites(TestNG.java:1039)
	at org.testng.TestNG.run(TestNG.java:1007)
	at org.apache.maven.surefire.testng.TestNGExecutor.run(TestNGExecutor.java:135)
	at org.apache.maven.surefire.testng.TestNGDirectoryTestSuite.executeMulti(TestNGDirectoryTestSuite.java:193)
	at org.apache.maven.surefire.testng.TestNGDirectoryTestSuite.execute(TestNGDirectoryTestSuite.java:94)
	at org.apache.maven.surefire.testng.TestNGProvider.invoke(TestNGProvider.java:146)
	at org.apache.maven.surefire.booter.ForkedBooter.invokeProviderInSameClassLoader(ForkedBooter.java:384)
	at org.apache.maven.surefire.booter.ForkedBooter.runSuitesInProcess(ForkedBooter.java:345)
	at org.apache.maven.surefire.booter.ForkedBooter.execute(ForkedBooter.java:126)
	at org.apache.maven.surefire.booter.ForkedBooter.main(ForkedBooter.java:418)
</pre></div></td>
<td>0</td>
<td>com.learn.letskodeit.testsuite.LoginTest@1b68ddbd</td></tr>
<tr>
<td title='com.learn.letskodeit.testsuite.LoginTest.verifyThatUserIsAbleToLogInSuccessfully()'><b>verifyThatUserIsAbleToLogInSuccessfully</b><br>Test class: com.learn.letskodeit.testsuite.LoginTest<br/>
<a href="#Output-2052457859" onClick='toggleBox("Output-2052457859", this, "Show output", "Hide output");'>Show output</a>

<a href="#Output-2052457859" onClick="toggleAllBoxes();">Show all outputs</a>
<div class='log' id="Output-2052457859">
Clicking on Login link : [[ChromeDriver: chrome on WINDOWS (8a3a8ebe335ed7d690d77cf90218cb0d)] -> partial link text: Login]<br><br/>
Entering Email  : [[ChromeDriver: chrome on WINDOWS (8a3a8ebe335ed7d690d77cf90218cb0d)] -> id: user_email]<br><br/>
Entering Password : [[ChromeDriver: chrome on WINDOWS (8a3a8ebe335ed7d690d77cf90218cb0d)] -> id: user_password]<br><br/>
Clicking on Login Button : [[ChromeDriver: chrome on WINDOWS (8a3a8ebe335ed7d690d77cf90218cb0d)] -> name: commit]<br><br/>
My Course Text is displayed  : Proxy element for: DefaultElementLocator 'By.xpath: //a[contains(text(),'My Courses')]'<br><br/>
</div>
</td>
<td><div><pre>org.openqa.selenium.NoSuchElementException: no such element: Unable to locate element: {&quot;method&quot;:&quot;xpath&quot;,&quot;selector&quot;:&quot;//a[contains(text(),&apos;My Courses&apos;)]&quot;}
  (Session info: chrome=80.0.3987.163)
For documentation on this error, please visit: https://www.seleniumhq.org/exceptions/no_such_element.html
Build info: version: &apos;3.141.59&apos;, revision: &apos;e82be7d358&apos;, time: &apos;2018-11-14T08:17:03&apos;
System info: host: &apos;LAPTOP-7HUNRUID&apos;, ip: &apos;192.168.0.8&apos;, os.name: &apos;Windows 10&apos;, os.arch: &apos;amd64&apos;, os.version: &apos;10.0&apos;, java.version: &apos;1.8.0_121&apos;
Driver info: org.openqa.selenium.chrome.ChromeDriver
Capabilities {acceptInsecureCerts: false, browserName: chrome, browserVersion: 80.0.3987.163, chrome: {chromedriverVersion: 80.0.3987.106 (f68069574609..., userDataDir: C:\Users\srini\AppData\Loca...}, goog:chromeOptions: {debuggerAddress: localhost:61456}, javascriptEnabled: true, networkConnectionEnabled: false, pageLoadStrategy: normal, platform: WINDOWS, platformName: WINDOWS, proxy: Proxy(), setWindowRect: true, strictFileInteractability: false, timeouts: {implicit: 0, pageLoad: 300000, script: 30000}, unhandledPromptBehavior: dismiss and notify}
Session ID: 8a3a8ebe335ed7d690d77cf90218cb0d
*** Element info: {Using=xpath, value=//a[contains(text(),&apos;My Courses&apos;)]}
	at org.openqa.selenium.remote.http.W3CHttpResponseCodec.createException(W3CHttpResponseCodec.java:187)
	at org.openqa.selenium.remote.http.W3CHttpResponseCodec.decode(W3CHttpResponseCodec.java:122)
	at org.openqa.selenium.remote.http.W3CHttpResponseCodec.decode(W3CHttpResponseCodec.java:49)
	at org.openqa.selenium.remote.HttpCommandExecutor.execute(HttpCommandExecutor.java:158)
	at org.openqa.selenium.remote.service.DriverCommandExecutor.execute(DriverCommandExecutor.java:83)
	at org.openqa.selenium.remote.RemoteWebDriver.execute(RemoteWebDriver.java:552)
	at org.openqa.selenium.remote.RemoteWebDriver.findElement(RemoteWebDriver.java:323)
	at org.openqa.selenium.remote.RemoteWebDriver.findElementByXPath(RemoteWebDriver.java:428)
	at org.openqa.selenium.By$ByXPath.findElement(By.java:353)
	at org.openqa.selenium.remote.RemoteWebDriver.findElement(RemoteWebDriver.java:315)
	at org.openqa.selenium.support.pagefactory.DefaultElementLocator.findElement(DefaultElementLocator.java:69)
	at org.openqa.selenium.support.pagefactory.internal.LocatingElementHandler.invoke(LocatingElementHandler.java:38)
	at com.sun.proxy.$Proxy7.getText(Unknown Source)
	at com.learn.letskodeit.utility.Utility.getTextFromElement(Utility.java:65)
	at com.learn.letskodeit.pages.MyCoursesPage.getMyCourseText(MyCoursesPage.java:34)
	at com.learn.letskodeit.testsuite.LoginTest.verifyThatUserIsAbleToLogInSuccessfully(LoginTest.java:38)
	at java.util.ArrayList.forEach(ArrayList.java:1249)
... Removed 36 stack frames</pre></div><a href='#' onClick='toggleBox("stack-trace2052457859", this, "Click to show all stack frames", "Click to hide stack frames")'>Click to show all stack frames</a>
<div class='stack-trace' id='stack-trace2052457859'><pre>org.openqa.selenium.NoSuchElementException: no such element: Unable to locate element: {&quot;method&quot;:&quot;xpath&quot;,&quot;selector&quot;:&quot;//a[contains(text(),&apos;My Courses&apos;)]&quot;}
  (Session info: chrome=80.0.3987.163)
For documentation on this error, please visit: https://www.seleniumhq.org/exceptions/no_such_element.html
Build info: version: &apos;3.141.59&apos;, revision: &apos;e82be7d358&apos;, time: &apos;2018-11-14T08:17:03&apos;
System info: host: &apos;LAPTOP-7HUNRUID&apos;, ip: &apos;192.168.0.8&apos;, os.name: &apos;Windows 10&apos;, os.arch: &apos;amd64&apos;, os.version: &apos;10.0&apos;, java.version: &apos;1.8.0_121&apos;
Driver info: org.openqa.selenium.chrome.ChromeDriver
Capabilities {acceptInsecureCerts: false, browserName: chrome, browserVersion: 80.0.3987.163, chrome: {chromedriverVersion: 80.0.3987.106 (f68069574609..., userDataDir: C:\Users\srini\AppData\Loca...}, goog:chromeOptions: {debuggerAddress: localhost:61456}, javascriptEnabled: true, networkConnectionEnabled: false, pageLoadStrategy: normal, platform: WINDOWS, platformName: WINDOWS, proxy: Proxy(), setWindowRect: true, strictFileInteractability: false, timeouts: {implicit: 0, pageLoad: 300000, script: 30000}, unhandledPromptBehavior: dismiss and notify}
Session ID: 8a3a8ebe335ed7d690d77cf90218cb0d
*** Element info: {Using=xpath, value=//a[contains(text(),&apos;My Courses&apos;)]}
	at sun.reflect.NativeConstructorAccessorImpl.newInstance0(Native Method)
	at sun.reflect.NativeConstructorAccessorImpl.newInstance(NativeConstructorAccessorImpl.java:62)
	at sun.reflect.DelegatingConstructorAccessorImpl.newInstance(DelegatingConstructorAccessorImpl.java:45)
	at java.lang.reflect.Constructor.newInstance(Constructor.java:423)
	at org.openqa.selenium.remote.http.W3CHttpResponseCodec.createException(W3CHttpResponseCodec.java:187)
	at org.openqa.selenium.remote.http.W3CHttpResponseCodec.decode(W3CHttpResponseCodec.java:122)
	at org.openqa.selenium.remote.http.W3CHttpResponseCodec.decode(W3CHttpResponseCodec.java:49)
	at org.openqa.selenium.remote.HttpCommandExecutor.execute(HttpCommandExecutor.java:158)
	at org.openqa.selenium.remote.service.DriverCommandExecutor.execute(DriverCommandExecutor.java:83)
	at org.openqa.selenium.remote.RemoteWebDriver.execute(RemoteWebDriver.java:552)
	at org.openqa.selenium.remote.RemoteWebDriver.findElement(RemoteWebDriver.java:323)
	at org.openqa.selenium.remote.RemoteWebDriver.findElementByXPath(RemoteWebDriver.java:428)
	at org.openqa.selenium.By$ByXPath.findElement(By.java:353)
	at org.openqa.selenium.remote.RemoteWebDriver.findElement(RemoteWebDriver.java:315)
	at org.openqa.selenium.support.pagefactory.DefaultElementLocator.findElement(DefaultElementLocator.java:69)
	at org.openqa.selenium.support.pagefactory.internal.LocatingElementHandler.invoke(LocatingElementHandler.java:38)
	at com.sun.proxy.$Proxy7.getText(Unknown Source)
	at com.learn.letskodeit.utility.Utility.getTextFromElement(Utility.java:65)
	at com.learn.letskodeit.pages.MyCoursesPage.getMyCourseText(MyCoursesPage.java:34)
	at com.learn.letskodeit.testsuite.LoginTest.verifyThatUserIsAbleToLogInSuccessfully(LoginTest.java:38)
	at sun.reflect.NativeMethodAccessorImpl.invoke0(Native Method)
	at sun.reflect.NativeMethodAccessorImpl.invoke(NativeMethodAccessorImpl.java:62)
	at sun.reflect.DelegatingMethodAccessorImpl.invoke(DelegatingMethodAccessorImpl.java:43)
	at java.lang.reflect.Method.invoke(Method.java:498)
	at org.testng.internal.MethodInvocationHelper.invokeMethod(MethodInvocationHelper.java:134)
	at org.testng.internal.TestInvoker.invokeMethod(TestInvoker.java:597)
	at org.testng.internal.TestInvoker.invokeTestMethod(TestInvoker.java:173)
	at org.testng.internal.MethodRunner.runInSequence(MethodRunner.java:46)
	at org.testng.internal.TestInvoker$MethodInvocationAgent.invoke(TestInvoker.java:816)
	at org.testng.internal.TestInvoker.invokeTestMethods(TestInvoker.java:146)
	at org.testng.internal.TestMethodWorker.invokeTestMethods(TestMethodWorker.java:146)
	at org.testng.internal.TestMethodWorker.run(TestMethodWorker.java:128)
	at java.util.ArrayList.forEach(ArrayList.java:1249)
	at org.testng.TestRunner.privateRun(TestRunner.java:766)
	at org.testng.TestRunner.run(TestRunner.java:587)
	at org.testng.SuiteRunner.runTest(SuiteRunner.java:384)
	at org.testng.SuiteRunner.runSequentially(SuiteRunner.java:378)
	at org.testng.SuiteRunner.privateRun(SuiteRunner.java:337)
	at org.testng.SuiteRunner.run(SuiteRunner.java:286)
	at org.testng.SuiteRunnerWorker.runSuite(SuiteRunnerWorker.java:53)
	at org.testng.SuiteRunnerWorker.run(SuiteRunnerWorker.java:96)
	at org.testng.TestNG.runSuitesSequentially(TestNG.java:1187)
	at org.testng.TestNG.runSuitesLocally(TestNG.java:1109)
	at org.testng.TestNG.runSuites(TestNG.java:1039)
	at org.testng.TestNG.run(TestNG.java:1007)
	at org.apache.maven.surefire.testng.TestNGExecutor.run(TestNGExecutor.java:135)
	at org.apache.maven.surefire.testng.TestNGDirectoryTestSuite.executeMulti(TestNGDirectoryTestSuite.java:193)
	at org.apache.maven.surefire.testng.TestNGDirectoryTestSuite.execute(TestNGDirectoryTestSuite.java:94)
	at org.apache.maven.surefire.testng.TestNGProvider.invoke(TestNGProvider.java:146)
	at org.apache.maven.surefire.booter.ForkedBooter.invokeProviderInSameClassLoader(ForkedBooter.java:384)
	at org.apache.maven.surefire.booter.ForkedBooter.runSuitesInProcess(ForkedBooter.java:345)
	at org.apache.maven.surefire.booter.ForkedBooter.execute(ForkedBooter.java:126)
	at org.apache.maven.surefire.booter.ForkedBooter.main(ForkedBooter.java:418)
</pre></div></td>
<td>42</td>
<td>com.learn.letskodeit.testsuite.LoginTest@1b68ddbd</td></tr>
</table><p>
<table width='100%' border='1' class='invocation-passed'>
<tr><td colspan='4' align='center'><b>PASSED TESTS</b></td></tr>
<tr><td><b>Test method</b></td>
<td width="30%"><b>Exception</b></td>
<td width="10%"><b>Time (seconds)</b></td>
<td><b>Instance</b></td>
</tr>
<tr>
<td title='com.learn.letskodeit.testsuite.HomePageTest.verifyThatLoginLinkIsDisplayed()'><b>verifyThatLoginLinkIsDisplayed</b><br>Test class: com.learn.letskodeit.testsuite.HomePageTest<br/>
<a href="#Output-2024415090" onClick='toggleBox("Output-2024415090", this, "Show output", "Hide output");'>Show output</a>

<a href="#Output-2024415090" onClick="toggleAllBoxes();">Show all outputs</a>
<div class='log' id="Output-2024415090">
Displaying Login link : [[ChromeDriver: chrome on WINDOWS (659e50750636e92de4a23ae704e2587a)] -> partial link text: Login]<br><br/>
</div>
</td>
<td></td>
<td>0</td>
<td>com.learn.letskodeit.testsuite.HomePageTest@2d8f65a4</td></tr>
<tr>
<td title='com.learn.letskodeit.testsuite.HomePageTest.verifyThatPracticeLinkIsDisplayed()'><b>verifyThatPracticeLinkIsDisplayed</b><br>Test class: com.learn.letskodeit.testsuite.HomePageTest<br/>
<a href="#Output-735937428" onClick='toggleBox("Output-735937428", this, "Show output", "Hide output");'>Show output</a>

<a href="#Output-735937428" onClick="toggleAllBoxes();">Show all outputs</a>
<div class='log' id="Output-735937428">
Displaying Practice Link [[ChromeDriver: chrome on WINDOWS (222626da80d2b45824697c051dea01b7)] -> partial link text: Practi]<br><br/>
</div>
</td>
<td></td>
<td>0</td>
<td>com.learn.letskodeit.testsuite.HomePageTest@2d8f65a4</td></tr>
<tr>
<td title='com.learn.letskodeit.testsuite.HomePageTest.verifyThatSignUpLinkIsDisplayed()'><b>verifyThatSignUpLinkIsDisplayed</b><br>Test class: com.learn.letskodeit.testsuite.HomePageTest<br/>
<a href="#Output-1625252058" onClick='toggleBox("Output-1625252058", this, "Show output", "Hide output");'>Show output</a>

<a href="#Output-1625252058" onClick="toggleAllBoxes();">Show all outputs</a>
<div class='log' id="Output-1625252058">
Displaying Sign Up Link : [[ChromeDriver: chrome on WINDOWS (b5e493cd5c70dfe1e8cc3eb7221e0d25)] -> xpath: //a[@id='header-sign-up-btn']]<br><br/>
</div>
</td>
<td></td>
<td>0</td>
<td>com.learn.letskodeit.testsuite.HomePageTest@2d8f65a4</td></tr>
<tr>
<td title='com.learn.letskodeit.testsuite.LoginTest.verifyThatUserShouldNotToLogWithInvalidCredentials()'><b>verifyThatUserShouldNotToLogWithInvalidCredentials</b><br>Test class: com.learn.letskodeit.testsuite.LoginTest<br/>
<a href="#Output-647973805" onClick='toggleBox("Output-647973805", this, "Show output", "Hide output");'>Show output</a>

<a href="#Output-647973805" onClick="toggleAllBoxes();">Show all outputs</a>
<div class='log' id="Output-647973805">
Clicking on Login link : [[ChromeDriver: chrome on WINDOWS (04a5b906a090319d62cfb6608c62574a)] -> partial link text: Login]<br><br/>
Entering Email  : [[ChromeDriver: chrome on WINDOWS (04a5b906a090319d62cfb6608c62574a)] -> id: user_email]<br><br/>
Entering Password : [[ChromeDriver: chrome on WINDOWS (04a5b906a090319d62cfb6608c62574a)] -> id: user_password]<br><br/>
Clicking on Login Button : [[ChromeDriver: chrome on WINDOWS (04a5b906a090319d62cfb6608c62574a)] -> name: commit]<br><br/>
Getting the Alert Message : [[ChromeDriver: chrome on WINDOWS (04a5b906a090319d62cfb6608c62574a)] -> xpath: //div[@class='alert alert-danger']]<br><br/>
Getting the Alert Message : [[ChromeDriver: chrome on WINDOWS (04a5b906a090319d62cfb6608c62574a)] -> xpath: //div[@class='alert alert-danger']]<br><br/>
</div>
</td>
<td></td>
<td>15</td>
<td>com.learn.letskodeit.testsuite.LoginTest@1b68ddbd</td></tr>
</table><p>
</body>
</html>