<?xml version="1.0" encoding="UTF-8"?>
<testsuite xmlns:xsi="http://www.w3.org/2001/XMLSchema-instance" xsi:noNamespaceSchemaLocation="https://maven.apache.org/surefire/maven-surefire-plugin/xsd/surefire-test-report.xsd" name="TestSuite" time="159.692" tests="6" errors="0" skipped="0" failures="2">
  <properties>
    <property name="sun.desktop" value="windows"/>
    <property name="awt.toolkit" value="sun.awt.windows.WToolkit"/>
    <property name="file.encoding.pkg" value="sun.io"/>
    <property name="java.specification.version" value="1.8"/>
    <property name="sun.cpu.isalist" value="amd64"/>
    <property name="sun.jnu.encoding" value="Cp1252"/>
    <property name="java.class.path" value="C:\Users\srini\IdeaProjects\letskodeit-page-factory-project\target\test-classes;C:\Users\srini\IdeaProjects\letskodeit-page-factory-project\target\classes;C:\Users\srini\.m2\repository\junit\junit\4.11\junit-4.11.jar;C:\Users\srini\.m2\repository\org\hamcrest\hamcrest-core\1.3\hamcrest-core-1.3.jar;C:\Users\srini\.m2\repository\org\seleniumhq\selenium\selenium-java\3.141.59\selenium-java-3.141.59.jar;C:\Users\srini\.m2\repository\org\seleniumhq\selenium\selenium-api\3.141.59\selenium-api-3.141.59.jar;C:\Users\srini\.m2\repository\org\seleniumhq\selenium\selenium-chrome-driver\3.141.59\selenium-chrome-driver-3.141.59.jar;C:\Users\srini\.m2\repository\org\seleniumhq\selenium\selenium-edge-driver\3.141.59\selenium-edge-driver-3.141.59.jar;C:\Users\srini\.m2\repository\org\seleniumhq\selenium\selenium-firefox-driver\3.141.59\selenium-firefox-driver-3.141.59.jar;C:\Users\srini\.m2\repository\org\seleniumhq\selenium\selenium-ie-driver\3.141.59\selenium-ie-driver-3.141.59.jar;C:\Users\srini\.m2\repository\org\seleniumhq\selenium\selenium-opera-driver\3.141.59\selenium-opera-driver-3.141.59.jar;C:\Users\srini\.m2\repository\org\seleniumhq\selenium\selenium-remote-driver\3.141.59\selenium-remote-driver-3.141.59.jar;C:\Users\srini\.m2\repository\org\seleniumhq\selenium\selenium-safari-driver\3.141.59\selenium-safari-driver-3.141.59.jar;C:\Users\srini\.m2\repository\org\seleniumhq\selenium\selenium-support\3.141.59\selenium-support-3.141.59.jar;C:\Users\srini\.m2\repository\net\bytebuddy\byte-buddy\1.8.15\byte-buddy-1.8.15.jar;C:\Users\srini\.m2\repository\org\apache\commons\commons-exec\1.3\commons-exec-1.3.jar;C:\Users\srini\.m2\repository\com\google\guava\guava\25.0-jre\guava-25.0-jre.jar;C:\Users\srini\.m2\repository\com\google\code\findbugs\jsr305\1.3.9\jsr305-1.3.9.jar;C:\Users\srini\.m2\repository\org\checkerframework\checker-compat-qual\2.0.0\checker-compat-qual-2.0.0.jar;C:\Users\srini\.m2\repository\com\google\errorprone\error_prone_annotations\2.1.3\error_prone_annotations-2.1.3.jar;C:\Users\srini\.m2\repository\com\google\j2objc\j2objc-annotations\1.1\j2objc-annotations-1.1.jar;C:\Users\srini\.m2\repository\org\codehaus\mojo\animal-sniffer-annotations\1.14\animal-sniffer-annotations-1.14.jar;C:\Users\srini\.m2\repository\com\squareup\okhttp3\okhttp\3.11.0\okhttp-3.11.0.jar;C:\Users\srini\.m2\repository\com\squareup\okio\okio\1.14.0\okio-1.14.0.jar;C:\Users\srini\.m2\repository\org\testng\testng\7.1.0\testng-7.1.0.jar;C:\Users\srini\.m2\repository\com\beust\jcommander\1.72\jcommander-1.72.jar;C:\Users\srini\.m2\repository\com\google\inject\guice\4.1.0\guice-4.1.0-no_aop.jar;C:\Users\srini\.m2\repository\org\yaml\snakeyaml\1.21\snakeyaml-1.21.jar;C:\Users\srini\.m2\repository\commons-io\commons-io\2.6\commons-io-2.6.jar;C:\Users\srini\.m2\repository\org\uncommons\reportng\1.1.4\reportng-1.1.4.jar;C:\Users\srini\.m2\repository\velocity\velocity\1.4\velocity-1.4.jar;C:\Users\srini\.m2\repository\velocity\velocity-dep\1.4\velocity-dep-1.4.jar;C:\Users\srini\.m2\repository\com\google\inject\guice\4.1.0\guice-4.1.0.jar;C:\Users\srini\.m2\repository\javax\inject\javax.inject\1\javax.inject-1.jar;C:\Users\srini\.m2\repository\aopalliance\aopalliance\1.0\aopalliance-1.0.jar;C:\Users\srini\.m2\repository\org\apache\velocity\velocity\1.7\velocity-1.7.jar;C:\Users\srini\.m2\repository\commons-collections\commons-collections\3.2.1\commons-collections-3.2.1.jar;C:\Users\srini\.m2\repository\commons-lang\commons-lang\2.4\commons-lang-2.4.jar;C:\Users\srini\.m2\repository\log4j\log4j\1.2.17\log4j-1.2.17.jar;C:\Users\srini\.m2\repository\org\apache\poi\poi\3.11-beta2\poi-3.11-beta2.jar;C:\Users\srini\.m2\repository\commons-codec\commons-codec\1.9\commons-codec-1.9.jar;C:\Users\srini\.m2\repository\org\apache\poi\poi-ooxml\3.11-beta2\poi-ooxml-3.11-beta2.jar;C:\Users\srini\.m2\repository\org\apache\poi\poi-ooxml-schemas\3.11-beta2\poi-ooxml-schemas-3.11-beta2.jar;C:\Users\srini\.m2\repository\org\apache\xmlbeans\xmlbeans\2.6.0\xmlbeans-2.6.0.jar;C:\Users\srini\.m2\repository\stax\stax-api\1.0.1\stax-api-1.0.1.jar;"/>
    <property name="java.vm.vendor" value="Oracle Corporation"/>
    <property name="sun.arch.data.model" value="64"/>
    <property name="user.variant" value=""/>
    <property name="java.vendor.url" value="http://java.oracle.com/"/>
    <property name="user.timezone" value="Europe/London"/>
    <property name="java.vm.specification.version" value="1.8"/>
    <property name="os.name" value="Windows 10"/>
    <property name="user.country" value="GB"/>
    <property name="sun.java.launcher" value="SUN_STANDARD"/>
    <property name="sun.boot.library.path" value="C:\Program Files\Java\jdk1.8.0_121\jre\bin"/>
    <property name="sun.java.command" value="C:\Users\srini\AppData\Local\Temp\surefire8206499934449169145\surefirebooter4545318085733253507.jar C:\Users\srini\AppData\Local\Temp\surefire8206499934449169145 2020-04-19T13-54-26_839-jvmRun1 surefire1731164469651441731tmp surefire_04143995402456249314tmp"/>
    <property name="surefire.test.class.path" value="C:\Users\srini\IdeaProjects\letskodeit-page-factory-project\target\test-classes;C:\Users\srini\IdeaProjects\letskodeit-page-factory-project\target\classes;C:\Users\srini\.m2\repository\junit\junit\4.11\junit-4.11.jar;C:\Users\srini\.m2\repository\org\hamcrest\hamcrest-core\1.3\hamcrest-core-1.3.jar;C:\Users\srini\.m2\repository\org\seleniumhq\selenium\selenium-java\3.141.59\selenium-java-3.141.59.jar;C:\Users\srini\.m2\repository\org\seleniumhq\selenium\selenium-api\3.141.59\selenium-api-3.141.59.jar;C:\Users\srini\.m2\repository\org\seleniumhq\selenium\selenium-chrome-driver\3.141.59\selenium-chrome-driver-3.141.59.jar;C:\Users\srini\.m2\repository\org\seleniumhq\selenium\selenium-edge-driver\3.141.59\selenium-edge-driver-3.141.59.jar;C:\Users\srini\.m2\repository\org\seleniumhq\selenium\selenium-firefox-driver\3.141.59\selenium-firefox-driver-3.141.59.jar;C:\Users\srini\.m2\repository\org\seleniumhq\selenium\selenium-ie-driver\3.141.59\selenium-ie-driver-3.141.59.jar;C:\Users\srini\.m2\repository\org\seleniumhq\selenium\selenium-opera-driver\3.141.59\selenium-opera-driver-3.141.59.jar;C:\Users\srini\.m2\repository\org\seleniumhq\selenium\selenium-remote-driver\3.141.59\selenium-remote-driver-3.141.59.jar;C:\Users\srini\.m2\repository\org\seleniumhq\selenium\selenium-safari-driver\3.141.59\selenium-safari-driver-3.141.59.jar;C:\Users\srini\.m2\repository\org\seleniumhq\selenium\selenium-support\3.141.59\selenium-support-3.141.59.jar;C:\Users\srini\.m2\repository\net\bytebuddy\byte-buddy\1.8.15\byte-buddy-1.8.15.jar;C:\Users\srini\.m2\repository\org\apache\commons\commons-exec\1.3\commons-exec-1.3.jar;C:\Users\srini\.m2\repository\com\google\guava\guava\25.0-jre\guava-25.0-jre.jar;C:\Users\srini\.m2\repository\com\google\code\findbugs\jsr305\1.3.9\jsr305-1.3.9.jar;C:\Users\srini\.m2\repository\org\checkerframework\checker-compat-qual\2.0.0\checker-compat-qual-2.0.0.jar;C:\Users\srini\.m2\repository\com\google\errorprone\error_prone_annotations\2.1.3\error_prone_annotations-2.1.3.jar;C:\Users\srini\.m2\repository\com\google\j2objc\j2objc-annotations\1.1\j2objc-annotations-1.1.jar;C:\Users\srini\.m2\repository\org\codehaus\mojo\animal-sniffer-annotations\1.14\animal-sniffer-annotations-1.14.jar;C:\Users\srini\.m2\repository\com\squareup\okhttp3\okhttp\3.11.0\okhttp-3.11.0.jar;C:\Users\srini\.m2\repository\com\squareup\okio\okio\1.14.0\okio-1.14.0.jar;C:\Users\srini\.m2\repository\org\testng\testng\7.1.0\testng-7.1.0.jar;C:\Users\srini\.m2\repository\com\beust\jcommander\1.72\jcommander-1.72.jar;C:\Users\srini\.m2\repository\com\google\inject\guice\4.1.0\guice-4.1.0-no_aop.jar;C:\Users\srini\.m2\repository\org\yaml\snakeyaml\1.21\snakeyaml-1.21.jar;C:\Users\srini\.m2\repository\commons-io\commons-io\2.6\commons-io-2.6.jar;C:\Users\srini\.m2\repository\org\uncommons\reportng\1.1.4\reportng-1.1.4.jar;C:\Users\srini\.m2\repository\velocity\velocity\1.4\velocity-1.4.jar;C:\Users\srini\.m2\repository\velocity\velocity-dep\1.4\velocity-dep-1.4.jar;C:\Users\srini\.m2\repository\com\google\inject\guice\4.1.0\guice-4.1.0.jar;C:\Users\srini\.m2\repository\javax\inject\javax.inject\1\javax.inject-1.jar;C:\Users\srini\.m2\repository\aopalliance\aopalliance\1.0\aopalliance-1.0.jar;C:\Users\srini\.m2\repository\org\apache\velocity\velocity\1.7\velocity-1.7.jar;C:\Users\srini\.m2\repository\commons-collections\commons-collections\3.2.1\commons-collections-3.2.1.jar;C:\Users\srini\.m2\repository\commons-lang\commons-lang\2.4\commons-lang-2.4.jar;C:\Users\srini\.m2\repository\log4j\log4j\1.2.17\log4j-1.2.17.jar;C:\Users\srini\.m2\repository\org\apache\poi\poi\3.11-beta2\poi-3.11-beta2.jar;C:\Users\srini\.m2\repository\commons-codec\commons-codec\1.9\commons-codec-1.9.jar;C:\Users\srini\.m2\repository\org\apache\poi\poi-ooxml\3.11-beta2\poi-ooxml-3.11-beta2.jar;C:\Users\srini\.m2\repository\org\apache\poi\poi-ooxml-schemas\3.11-beta2\poi-ooxml-schemas-3.11-beta2.jar;C:\Users\srini\.m2\repository\org\apache\xmlbeans\xmlbeans\2.6.0\xmlbeans-2.6.0.jar;C:\Users\srini\.m2\repository\stax\stax-api\1.0.1\stax-api-1.0.1.jar;"/>
    <property name="sun.cpu.endian" value="little"/>
    <property name="user.home" value="C:\Users\srini"/>
    <property name="user.language" value="en"/>
    <property name="java.specification.vendor" value="Oracle Corporation"/>
    <property name="java.home" value="C:\Program Files\Java\jdk1.8.0_121\jre"/>
    <property name="basedir" value="C:\Users\srini\IdeaProjects\letskodeit-page-factory-project"/>
    <property name="file.separator" value="\"/>
    <property name="line.separator" value="&#10;"/>
    <property name="java.vm.specification.vendor" value="Oracle Corporation"/>
    <property name="java.specification.name" value="Java Platform API Specification"/>
    <property name="java.awt.graphicsenv" value="sun.awt.Win32GraphicsEnvironment"/>
    <property name="surefire.real.class.path" value="C:\Users\srini\AppData\Local\Temp\surefire8206499934449169145\surefirebooter4545318085733253507.jar"/>
    <property name="sun.boot.class.path" value="C:\Program Files\Java\jdk1.8.0_121\jre\lib\resources.jar;C:\Program Files\Java\jdk1.8.0_121\jre\lib\rt.jar;C:\Program Files\Java\jdk1.8.0_121\jre\lib\sunrsasign.jar;C:\Program Files\Java\jdk1.8.0_121\jre\lib\jsse.jar;C:\Program Files\Java\jdk1.8.0_121\jre\lib\jce.jar;C:\Program Files\Java\jdk1.8.0_121\jre\lib\charsets.jar;C:\Program Files\Java\jdk1.8.0_121\jre\lib\jfr.jar;C:\Program Files\Java\jdk1.8.0_121\jre\classes"/>
    <property name="user.script" value=""/>
    <property name="sun.management.compiler" value="HotSpot 64-Bit Tiered Compilers"/>
    <property name="java.runtime.version" value="1.8.0_121-b13"/>
    <property name="user.name" value="srini"/>
    <property name="path.separator" value=";"/>
    <property name="os.version" value="10.0"/>
    <property name="java.endorsed.dirs" value="C:\Program Files\Java\jdk1.8.0_121\jre\lib\endorsed"/>
    <property name="java.runtime.name" value="Java(TM) SE Runtime Environment"/>
    <property name="file.encoding" value="Cp1252"/>
    <property name="java.vm.name" value="Java HotSpot(TM) 64-Bit Server VM"/>
    <property name="localRepository" value="C:\Users\srini\.m2\repository"/>
    <property name="java.vendor.url.bug" value="http://bugreport.sun.com/bugreport/"/>
    <property name="java.io.tmpdir" value="C:\Users\srini\AppData\Local\Temp\"/>
    <property name="java.version" value="1.8.0_121"/>
    <property name="user.dir" value="C:\Users\srini\IdeaProjects\letskodeit-page-factory-project"/>
    <property name="os.arch" value="amd64"/>
    <property name="java.vm.specification.name" value="Java Virtual Machine Specification"/>
    <property name="java.awt.printerjob" value="sun.awt.windows.WPrinterJob"/>
    <property name="sun.os.patch.level" value=""/>
    <property name="java.library.path" value="C:\Program Files\Java\jdk1.8.0_121\jre\bin;C:\WINDOWS\Sun\Java\bin;C:\WINDOWS\system32;C:\WINDOWS;C:\ProgramData\Oracle\Java\javapath;C:\Program Files (x86)\Lenovo\FusionEngine;C:\WINDOWS\system32;C:\WINDOWS;C:\WINDOWS\System32\Wbem;C:\WINDOWS\System32\WindowsPowerShell\v1.0\;C:\Program Files (x86)\Common Files\lenovo\easyplussdk\bin;C:\Program Files\Intel\WiFi\bin\;C:\Program Files\Common Files\Intel\WirelessCommon\;C:\WINDOWS\System32\OpenSSH\;C:\Program Files\Java\jdk1.8.0_121\bin;C:\Program Files\Git\cmd;C:\Program Files\Apache\apache-maven-3.6.3\bin;C:\Users\srini\AppData\Local\Microsoft\WindowsApps;;."/>
    <property name="idea.version2019.3.2" value="true"/>
    <property name="java.vm.info" value="mixed mode"/>
    <property name="java.vendor" value="Oracle Corporation"/>
    <property name="java.vm.version" value="25.121-b13"/>
    <property name="java.ext.dirs" value="C:\Program Files\Java\jdk1.8.0_121\jre\lib\ext;C:\WINDOWS\Sun\Java\lib\ext"/>
    <property name="sun.io.unicode.encoding" value="UnicodeLittle"/>
    <property name="java.class.version" value="52.0"/>
  </properties>
  <testcase name="verifyThatPracticeLinkIsDisplayed" classname="com.learn.letskodeit.testsuite.HomePageTest" time="0.261"/>
  <testcase name="verifyThatLoginLinkIsDisplayed" classname="com.learn.letskodeit.testsuite.HomePageTest" time="0.169"/>
  <testcase name="verifyThatSignUpLinkIsDisplayed" classname="com.learn.letskodeit.testsuite.HomePageTest" time="0.116"/>
  <testcase name="verifyThatLoginPageWelcomeTextisDisplayed" classname="com.learn.letskodeit.testsuite.LoginTest" time="0.386">
    <failure message="com.sun.proxy.$Proxy7 cannot be cast to org.openqa.selenium.By" type="java.lang.ClassCastException">java.lang.ClassCastException: com.sun.proxy.$Proxy7 cannot be cast to org.openqa.selenium.By
	at com.learn.letskodeit.testsuite.LoginTest.verifyThatLoginPageWelcomeTextisDisplayed(LoginTest.java:28)
</failure>
    <system-out><![CDATA[2020-04-19 13:04:915 INFO  BrowserSelector :21 - Launching Chrome Browser
2020-04-19 13:04:261 INFO  HomePage :64 - Clicking on Login link : [[ChromeDriver: chrome on WINDOWS (1a7b46b9dbd0770ad78b03e8bf26849c)] -> partial link text: Login]
]]></system-out>
    <system-err><![CDATA[Starting ChromeDriver 80.0.3987.106 (f68069574609230cf9b635cd784cfb1bf81bb53a-refs/branch-heads/3987@{#882}) on port 43682
Only local connections are allowed.
Please protect ports used by ChromeDriver and related test frameworks to prevent access by malicious code.
[1587300928.170][WARNING]: Timed out connecting to Chrome, retrying...
Apr 19, 2020 1:55:28 PM org.openqa.selenium.remote.ProtocolHandshake createSession
INFO: Detected dialect: W3C
[1587300930.229][WARNING]: Timed out connecting to Chrome, retrying...
[1587300933.432][SEVERE]: Timed out receiving message from renderer: 0.100
[1587300933.567][SEVERE]: Timed out receiving message from renderer: 0.100
[1587300933.730][SEVERE]: Timed out receiving message from renderer: 0.100
[1587300935.517][SEVERE]: Timed out receiving message from renderer: 0.100
[1587300935.635][SEVERE]: Timed out receiving message from renderer: 0.100
[1587300935.739][SEVERE]: Timed out receiving message from renderer: 0.100
[1587300935.841][SEVERE]: Timed out receiving message from renderer: 0.100
]]></system-err>
  </testcase>
  <testcase name="verifyThatUserIsAbleToLogInSuccessfully" classname="com.learn.letskodeit.testsuite.LoginTest" time="42.136">
    <failure message="no such element: Unable to locate element: {&quot;method&quot;:&quot;xpath&quot;,&quot;selector&quot;:&quot;//a[contains(text(),&apos;My Courses&apos;)]&quot;}&#10;  (Session info: chrome=80.0.3987.163)&#10;For documentation on this error, please visit: https://www.seleniumhq.org/exceptions/no_such_element.html&#10;Build info: version: &apos;3.141.59&apos;, revision: &apos;e82be7d358&apos;, time: &apos;2018-11-14T08:17:03&apos;&#10;System info: host: &apos;LAPTOP-7HUNRUID&apos;, ip: &apos;192.168.0.8&apos;, os.name: &apos;Windows 10&apos;, os.arch: &apos;amd64&apos;, os.version: &apos;10.0&apos;, java.version: &apos;1.8.0_121&apos;&#10;Driver info: org.openqa.selenium.chrome.ChromeDriver&#10;Capabilities {acceptInsecureCerts: false, browserName: chrome, browserVersion: 80.0.3987.163, chrome: {chromedriverVersion: 80.0.3987.106 (f68069574609..., userDataDir: C:\Users\srini\AppData\Loca...}, goog:chromeOptions: {debuggerAddress: localhost:61456}, javascriptEnabled: true, networkConnectionEnabled: false, pageLoadStrategy: normal, platform: WINDOWS, platformName: WINDOWS, proxy: Proxy(), setWindowRect: true, strictFileInteractability: false, timeouts: {implicit: 0, pageLoad: 300000, script: 30000}, unhandledPromptBehavior: dismiss and notify}&#10;Session ID: 8a3a8ebe335ed7d690d77cf90218cb0d&#10;*** Element info: {Using=xpath, value=//a[contains(text(),&apos;My Courses&apos;)]}" type="org.openqa.selenium.NoSuchElementException">org.openqa.selenium.NoSuchElementException: 
no such element: Unable to locate element: {"method":"xpath","selector":"//a[contains(text(),'My Courses')]"}
  (Session info: chrome=80.0.3987.163)
For documentation on this error, please visit: https://www.seleniumhq.org/exceptions/no_such_element.html
Build info: version: '3.141.59', revision: 'e82be7d358', time: '2018-11-14T08:17:03'
System info: host: 'LAPTOP-7HUNRUID', ip: '192.168.0.8', os.name: 'Windows 10', os.arch: 'amd64', os.version: '10.0', java.version: '1.8.0_121'
Driver info: org.openqa.selenium.chrome.ChromeDriver
Capabilities {acceptInsecureCerts: false, browserName: chrome, browserVersion: 80.0.3987.163, chrome: {chromedriverVersion: 80.0.3987.106 (f68069574609..., userDataDir: C:\Users\srini\AppData\Loca...}, goog:chromeOptions: {debuggerAddress: localhost:61456}, javascriptEnabled: true, networkConnectionEnabled: false, pageLoadStrategy: normal, platform: WINDOWS, platformName: WINDOWS, proxy: Proxy(), setWindowRect: true, strictFileInteractability: false, timeouts: {implicit: 0, pageLoad: 300000, script: 30000}, unhandledPromptBehavior: dismiss and notify}
Session ID: 8a3a8ebe335ed7d690d77cf90218cb0d
*** Element info: {Using=xpath, value=//a[contains(text(),'My Courses')]}
	at com.learn.letskodeit.testsuite.LoginTest.verifyThatUserIsAbleToLogInSuccessfully(LoginTest.java:38)
</failure>
    <system-out><![CDATA[2020-04-19 13:04:724 INFO  BrowserSelector :21 - Launching Chrome Browser
2020-04-19 13:04:54 INFO  HomePage :64 - Clicking on Login link : [[ChromeDriver: chrome on WINDOWS (8a3a8ebe335ed7d690d77cf90218cb0d)] -> partial link text: Login]
2020-04-19 13:04:403 INFO  LoginPage :50 - Entering Email : [[ChromeDriver: chrome on WINDOWS (8a3a8ebe335ed7d690d77cf90218cb0d)] -> id: user_email]
2020-04-19 13:04:847 INFO  LoginPage :56 - Entering Password : [[ChromeDriver: chrome on WINDOWS (8a3a8ebe335ed7d690d77cf90218cb0d)] -> id: user_password]
2020-04-19 13:04:739 INFO  LoginPage :63 - Clicking on Login Button: [[ChromeDriver: chrome on WINDOWS (8a3a8ebe335ed7d690d77cf90218cb0d)] -> name: commit]
2020-04-19 13:04:868 INFO  MyCoursesPage :33 - My Course Text is displayed : Proxy element for: DefaultElementLocator 'By.xpath: //a[contains(text(),'My Courses')]'
]]></system-out>
    <system-err><![CDATA[Starting ChromeDriver 80.0.3987.106 (f68069574609230cf9b635cd784cfb1bf81bb53a-refs/branch-heads/3987@{#882}) on port 21690
Only local connections are allowed.
Please protect ports used by ChromeDriver and related test frameworks to prevent access by malicious code.
[1587300941.983][WARNING]: Timed out connecting to Chrome, retrying...
Apr 19, 2020 1:55:44 PM org.openqa.selenium.remote.ProtocolHandshake createSession
INFO: Detected dialect: W3C
[1587300946.028][WARNING]: Timed out connecting to Chrome, retrying...
[1587300949.489][SEVERE]: Timed out receiving message from renderer: 0.100
[1587300949.645][SEVERE]: Timed out receiving message from renderer: 0.100
[1587300949.758][SEVERE]: Timed out receiving message from renderer: 0.100
[1587300949.882][SEVERE]: Timed out receiving message from renderer: 0.100
[1587300952.158][SEVERE]: Timed out receiving message from renderer: 0.100
[1587300952.372][SEVERE]: Timed out receiving message from renderer: 0.100
[1587300952.488][SEVERE]: Timed out receiving message from renderer: 0.100
[1587300962.301][SEVERE]: Timed out receiving message from renderer: 0.100
[1587300964.246][SEVERE]: Timed out receiving message from renderer: 0.100
[1587300964.388][SEVERE]: Timed out receiving message from renderer: 0.100
[1587300964.631][SEVERE]: Timed out receiving message from renderer: 0.100
]]></system-err>
  </testcase>
  <testcase name="verifyThatUserShouldNotToLogWithInvalidCredentials" classname="com.learn.letskodeit.testsuite.LoginTest" time="15.608"/>
</testsuite>